<component name="libraryTable">
  <library name="JUnit4">
    <binaries>
      <root url="jar://$PROJECT_DIR$/lib/hamcrest-core-1.3.jar!/" />
      <root url="jar://$PROJECT_DIR$/lib/junit-4.12.jar!/" />
    </binaries>
    <sources>
      <root url="jar://$PROJECT_DIR$/lib/src/hamcrest-1.3-src.zip!/hamcrest-core/src/main/java" />
      <root url="jar://$PROJECT_DIR$/lib/src/junit-4.12-sources.jar!/" />
    </sources>
  </library>
</component>