<component name="libraryTable">
  <library name="JUnit3">
    <binaries>
      <root url="jar://$PROJECT_DIR$/lib/junit.jar!/" />
    </binaries>
  </library>
</component>